2019-06-29 13:50:41 [main:0] - [INFO] [WebServer:30] [main] 服务器启动
2019-06-29 13:50:53 [main:1] - [INFO] [WebServer:30] [main] 服务器启动
2019-06-29 13:50:57 [pool-1-thread-1:3980] - [INFO] [WebRequest:61] [parserRequest] GET /index.html HTTP/1.1
2019-06-29 13:50:57 [pool-1-thread-1:3980] - [INFO] [WebRequest:61] [parserRequest] Host: localhost:8090
2019-06-29 13:50:57 [pool-1-thread-1:3980] - [INFO] [WebRequest:61] [parserRequest] Connection: keep-alive
2019-06-29 13:50:57 [pool-1-thread-1:3980] - [INFO] [WebRequest:61] [parserRequest] Cache-Control: max-age=0
2019-06-29 13:50:57 [pool-1-thread-1:3980] - [INFO] [WebRequest:61] [parserRequest] Upgrade-Insecure-Requests: 1
2019-06-29 13:50:57 [pool-1-thread-1:3981] - [INFO] [WebRequest:61] [parserRequest] User-Agent: Mozilla/5.0 (Windows NT 10.0; Win64; x64) AppleWebKit/537.36 (KHTML, like Gecko) Chrome/75.0.3770.100 Safari/537.36
2019-06-29 13:50:57 [pool-1-thread-1:3981] - [INFO] [WebRequest:61] [parserRequest] Accept: text/html,application/xhtml xml,application/xml;q=0.9,image/webp,image/apng,*/*;q=0.8,application/signed-exchange;v=b3
2019-06-29 13:50:57 [pool-1-thread-1:3981] - [INFO] [WebRequest:61] [parserRequest] Accept-Encoding: gzip, deflate, br
2019-06-29 13:50:57 [pool-1-thread-1:3981] - [INFO] [WebRequest:61] [parserRequest] Accept-Language: zh-CN,zh;q=0.9
2019-06-29 13:50:57 [pool-1-thread-1:3981] - [INFO] [WebRequest:61] [parserRequest] 
2019-06-29 13:50:57 [pool-1-thread-1:3982] - [INFO] [WebRequest:81] [parserRequest] 解析结束
2019-06-29 13:50:57 [pool-1-thread-1:3983] - [INFO] [WebThread:60] [run] 关闭连接
2019-06-29 13:50:57 [pool-1-thread-2:3989] - [INFO] [WebRequest:61] [parserRequest] GET /webRoot/style/index.css HTTP/1.1
2019-06-29 13:50:57 [pool-1-thread-4:3989] - [INFO] [WebRequest:61] [parserRequest] GET /webRoot/Ajax.js HTTP/1.1
2019-06-29 13:50:57 [pool-1-thread-3:3989] - [INFO] [WebRequest:61] [parserRequest] GET /webRoot/style/tree.css HTTP/1.1
2019-06-29 13:50:57 [pool-1-thread-4:3990] - [INFO] [WebRequest:61] [parserRequest] Host: localhost:8090
2019-06-29 13:50:57 [pool-1-thread-2:3990] - [INFO] [WebRequest:61] [parserRequest] Host: localhost:8090
2019-06-29 13:50:57 [pool-1-thread-2:3990] - [INFO] [WebRequest:61] [parserRequest] Connection: keep-alive
2019-06-29 13:50:57 [pool-1-thread-7:3990] - [INFO] [WebRequest:61] [parserRequest] GET /webRoot/Main.js HTTP/1.1
2019-06-29 13:50:57 [pool-1-thread-6:3990] - [INFO] [WebRequest:61] [parserRequest] GET /webRoot/Tree.js HTTP/1.1
2019-06-29 13:50:57 [pool-1-thread-4:3990] - [INFO] [WebRequest:61] [parserRequest] Connection: keep-alive
2019-06-29 13:50:57 [pool-1-thread-4:3991] - [INFO] [WebRequest:61] [parserRequest] User-Agent: Mozilla/5.0 (Windows NT 10.0; Win64; x64) AppleWebKit/537.36 (KHTML, like Gecko) Chrome/75.0.3770.100 Safari/537.36
2019-06-29 13:50:57 [pool-1-thread-5:3990] - [INFO] [WebRequest:61] [parserRequest] GET /webRoot/Utils.js HTTP/1.1
2019-06-29 13:50:57 [pool-1-thread-5:3991] - [INFO] [WebRequest:61] [parserRequest] Host: localhost:8090
2019-06-29 13:50:57 [pool-1-thread-3:3990] - [INFO] [WebRequest:61] [parserRequest] Host: localhost:8090
2019-06-29 13:50:57 [pool-1-thread-5:3991] - [INFO] [WebRequest:61] [parserRequest] Connection: keep-alive
2019-06-29 13:50:57 [pool-1-thread-4:3991] - [INFO] [WebRequest:61] [parserRequest] Accept: */*
2019-06-29 13:50:57 [pool-1-thread-6:3991] - [INFO] [WebRequest:61] [parserRequest] Host: localhost:8090
2019-06-29 13:50:57 [pool-1-thread-7:3991] - [INFO] [WebRequest:61] [parserRequest] Host: localhost:8090
2019-06-29 13:50:57 [pool-1-thread-2:3991] - [INFO] [WebRequest:61] [parserRequest] User-Agent: Mozilla/5.0 (Windows NT 10.0; Win64; x64) AppleWebKit/537.36 (KHTML, like Gecko) Chrome/75.0.3770.100 Safari/537.36
2019-06-29 13:50:57 [pool-1-thread-7:3992] - [INFO] [WebRequest:61] [parserRequest] Connection: keep-alive
2019-06-29 13:50:57 [pool-1-thread-6:3992] - [INFO] [WebRequest:61] [parserRequest] Connection: keep-alive
2019-06-29 13:50:57 [pool-1-thread-4:3992] - [INFO] [WebRequest:61] [parserRequest] Referer: http://localhost:8090/index.html
2019-06-29 13:50:57 [pool-1-thread-4:3993] - [INFO] [WebRequest:61] [parserRequest] Accept-Encoding: gzip, deflate, br
2019-06-29 13:50:57 [pool-1-thread-4:3994] - [INFO] [WebRequest:61] [parserRequest] Accept-Language: zh-CN,zh;q=0.9
2019-06-29 13:50:57 [pool-1-thread-4:3994] - [INFO] [WebRequest:61] [parserRequest] 
2019-06-29 13:50:57 [pool-1-thread-5:3992] - [INFO] [WebRequest:61] [parserRequest] User-Agent: Mozilla/5.0 (Windows NT 10.0; Win64; x64) AppleWebKit/537.36 (KHTML, like Gecko) Chrome/75.0.3770.100 Safari/537.36
2019-06-29 13:50:57 [pool-1-thread-3:3992] - [INFO] [WebRequest:61] [parserRequest] Connection: keep-alive
2019-06-29 13:50:57 [pool-1-thread-3:3994] - [INFO] [WebRequest:61] [parserRequest] User-Agent: Mozilla/5.0 (Windows NT 10.0; Win64; x64) AppleWebKit/537.36 (KHTML, like Gecko) Chrome/75.0.3770.100 Safari/537.36
2019-06-29 13:50:57 [pool-1-thread-5:3994] - [INFO] [WebRequest:61] [parserRequest] Accept: */*
2019-06-29 13:50:57 [pool-1-thread-5:3995] - [INFO] [WebRequest:61] [parserRequest] Referer: http://localhost:8090/index.html
2019-06-29 13:50:57 [pool-1-thread-4:3994] - [INFO] [WebRequest:81] [parserRequest] 解析结束
2019-06-29 13:50:57 [pool-1-thread-6:3993] - [INFO] [WebRequest:61] [parserRequest] User-Agent: Mozilla/5.0 (Windows NT 10.0; Win64; x64) AppleWebKit/537.36 (KHTML, like Gecko) Chrome/75.0.3770.100 Safari/537.36
2019-06-29 13:50:57 [pool-1-thread-7:3993] - [INFO] [WebRequest:61] [parserRequest] User-Agent: Mozilla/5.0 (Windows NT 10.0; Win64; x64) AppleWebKit/537.36 (KHTML, like Gecko) Chrome/75.0.3770.100 Safari/537.36
2019-06-29 13:50:57 [pool-1-thread-2:3993] - [INFO] [WebRequest:61] [parserRequest] Accept: text/css,*/*;q=0.1
2019-06-29 13:50:57 [pool-1-thread-7:3996] - [INFO] [WebRequest:61] [parserRequest] Accept: */*
2019-06-29 13:50:57 [pool-1-thread-4:3995] - [INFO] [WebThread:60] [run] 关闭连接
2019-06-29 13:50:57 [pool-1-thread-6:3995] - [INFO] [WebRequest:61] [parserRequest] Accept: */*
2019-06-29 13:50:57 [pool-1-thread-5:3995] - [INFO] [WebRequest:61] [parserRequest] Accept-Encoding: gzip, deflate, br
2019-06-29 13:50:57 [pool-1-thread-3:3995] - [INFO] [WebRequest:61] [parserRequest] Accept: text/css,*/*;q=0.1
2019-06-29 13:50:57 [pool-1-thread-5:3996] - [INFO] [WebRequest:61] [parserRequest] Accept-Language: zh-CN,zh;q=0.9
2019-06-29 13:50:57 [pool-1-thread-6:3996] - [INFO] [WebRequest:61] [parserRequest] Referer: http://localhost:8090/index.html
2019-06-29 13:50:57 [pool-1-thread-6:3997] - [INFO] [WebRequest:61] [parserRequest] Accept-Encoding: gzip, deflate, br
2019-06-29 13:50:57 [pool-1-thread-7:3996] - [INFO] [WebRequest:61] [parserRequest] Referer: http://localhost:8090/index.html
2019-06-29 13:50:57 [pool-1-thread-2:3996] - [INFO] [WebRequest:61] [parserRequest] Referer: http://localhost:8090/index.html
2019-06-29 13:50:57 [pool-1-thread-7:3997] - [INFO] [WebRequest:61] [parserRequest] Accept-Encoding: gzip, deflate, br
2019-06-29 13:50:57 [pool-1-thread-6:3997] - [INFO] [WebRequest:61] [parserRequest] Accept-Language: zh-CN,zh;q=0.9
2019-06-29 13:50:57 [pool-1-thread-5:3997] - [INFO] [WebRequest:61] [parserRequest] 
2019-06-29 13:50:57 [pool-1-thread-3:3996] - [INFO] [WebRequest:61] [parserRequest] Referer: http://localhost:8090/index.html
2019-06-29 13:50:57 [pool-1-thread-3:3998] - [INFO] [WebRequest:61] [parserRequest] Accept-Encoding: gzip, deflate, br
2019-06-29 13:50:57 [pool-1-thread-5:3998] - [INFO] [WebRequest:81] [parserRequest] 解析结束
2019-06-29 13:50:57 [pool-1-thread-6:3998] - [INFO] [WebRequest:61] [parserRequest] 
2019-06-29 13:50:57 [pool-1-thread-6:3998] - [INFO] [WebRequest:81] [parserRequest] 解析结束
2019-06-29 13:50:57 [pool-1-thread-7:3998] - [INFO] [WebRequest:61] [parserRequest] Accept-Language: zh-CN,zh;q=0.9
2019-06-29 13:50:57 [pool-1-thread-2:3997] - [INFO] [WebRequest:61] [parserRequest] Accept-Encoding: gzip, deflate, br
2019-06-29 13:50:57 [pool-1-thread-2:3999] - [INFO] [WebRequest:61] [parserRequest] Accept-Language: zh-CN,zh;q=0.9
2019-06-29 13:50:57 [pool-1-thread-2:3999] - [INFO] [WebRequest:61] [parserRequest] 
2019-06-29 13:50:57 [pool-1-thread-2:3999] - [INFO] [WebRequest:81] [parserRequest] 解析结束
2019-06-29 13:50:57 [pool-1-thread-6:3999] - [INFO] [WebThread:60] [run] 关闭连接
2019-06-29 13:50:57 [pool-1-thread-7:3999] - [INFO] [WebRequest:61] [parserRequest] 
2019-06-29 13:50:57 [pool-1-thread-5:3998] - [INFO] [WebThread:60] [run] 关闭连接
2019-06-29 13:50:57 [pool-1-thread-3:3998] - [INFO] [WebRequest:61] [parserRequest] Accept-Language: zh-CN,zh;q=0.9
2019-06-29 13:50:57 [pool-1-thread-7:4000] - [INFO] [WebRequest:81] [parserRequest] 解析结束
2019-06-29 13:50:57 [pool-1-thread-2:4000] - [INFO] [WebThread:60] [run] 关闭连接
2019-06-29 13:50:57 [pool-1-thread-7:4001] - [INFO] [WebThread:60] [run] 关闭连接
2019-06-29 13:50:57 [pool-1-thread-3:4000] - [INFO] [WebRequest:61] [parserRequest] 
2019-06-29 13:50:57 [pool-1-thread-3:4001] - [INFO] [WebRequest:81] [parserRequest] 解析结束
2019-06-29 13:50:57 [pool-1-thread-3:4001] - [INFO] [WebThread:60] [run] 关闭连接
2019-06-29 13:50:57 [pool-1-thread-8:4006] - [INFO] [WebRequest:61] [parserRequest] GET /project HTTP/1.1
2019-06-29 13:50:57 [pool-1-thread-8:4007] - [INFO] [WebRequest:61] [parserRequest] Host: localhost:8090
2019-06-29 13:50:57 [pool-1-thread-8:4007] - [INFO] [WebRequest:61] [parserRequest] Connection: keep-alive
2019-06-29 13:50:57 [pool-1-thread-8:4007] - [INFO] [WebRequest:61] [parserRequest] User-Agent: Mozilla/5.0 (Windows NT 10.0; Win64; x64) AppleWebKit/537.36 (KHTML, like Gecko) Chrome/75.0.3770.100 Safari/537.36
2019-06-29 13:50:57 [pool-1-thread-8:4007] - [INFO] [WebRequest:61] [parserRequest] Accept: */*
2019-06-29 13:50:57 [pool-1-thread-8:4007] - [INFO] [WebRequest:61] [parserRequest] Referer: http://localhost:8090/index.html
2019-06-29 13:50:57 [pool-1-thread-8:4007] - [INFO] [WebRequest:61] [parserRequest] Accept-Encoding: gzip, deflate, br
2019-06-29 13:50:57 [pool-1-thread-8:4007] - [INFO] [WebRequest:61] [parserRequest] Accept-Language: zh-CN,zh;q=0.9
2019-06-29 13:50:57 [pool-1-thread-8:4007] - [INFO] [WebRequest:61] [parserRequest] 
2019-06-29 13:50:57 [pool-1-thread-8:4008] - [INFO] [WebRequest:81] [parserRequest] 解析结束
2019-06-29 13:50:57 [pool-1-thread-9:4009] - [INFO] [WebRequest:61] [parserRequest] GET /favicon.ico HTTP/1.1
2019-06-29 13:50:57 [pool-1-thread-9:4010] - [INFO] [WebRequest:61] [parserRequest] Host: localhost:8090
2019-06-29 13:50:57 [pool-1-thread-9:4010] - [INFO] [WebRequest:61] [parserRequest] Connection: keep-alive
2019-06-29 13:50:57 [pool-1-thread-9:4010] - [INFO] [WebRequest:61] [parserRequest] Pragma: no-cache
2019-06-29 13:50:57 [pool-1-thread-9:4010] - [INFO] [WebRequest:61] [parserRequest] Cache-Control: no-cache
2019-06-29 13:50:57 [pool-1-thread-9:4010] - [INFO] [WebRequest:61] [parserRequest] User-Agent: Mozilla/5.0 (Windows NT 10.0; Win64; x64) AppleWebKit/537.36 (KHTML, like Gecko) Chrome/75.0.3770.100 Safari/537.36
2019-06-29 13:50:57 [pool-1-thread-9:4010] - [INFO] [WebRequest:61] [parserRequest] Accept: image/webp,image/apng,image/*,*/*;q=0.8
2019-06-29 13:50:57 [pool-1-thread-9:4011] - [INFO] [WebRequest:61] [parserRequest] Referer: http://localhost:8090/index.html
2019-06-29 13:50:57 [pool-1-thread-9:4011] - [INFO] [WebRequest:61] [parserRequest] Accept-Encoding: gzip, deflate, br
2019-06-29 13:50:57 [pool-1-thread-9:4011] - [INFO] [WebRequest:61] [parserRequest] Accept-Language: zh-CN,zh;q=0.9
2019-06-29 13:50:57 [pool-1-thread-9:4011] - [INFO] [WebRequest:61] [parserRequest] 
2019-06-29 13:50:57 [pool-1-thread-9:4011] - [INFO] [WebRequest:81] [parserRequest] 解析结束
2019-06-29 13:50:57 [pool-1-thread-9:4012] - [INFO] [WebThread:60] [run] 关闭连接
2019-06-29 13:50:57 [pool-1-thread-8:4064] - [INFO] [WebThread:60] [run] 关闭连接
2019-06-29 13:50:57 [pool-1-thread-10:4079] - [INFO] [WebRequest:61] [parserRequest] GET /webRoot/images/system.png HTTP/1.1
2019-06-29 13:50:57 [pool-1-thread-1:4079] - [INFO] [WebRequest:61] [parserRequest] GET /webRoot/images/dirClose.png HTTP/1.1
2019-06-29 13:50:57 [pool-1-thread-10:4080] - [INFO] [WebRequest:61] [parserRequest] Host: localhost:8090
2019-06-29 13:50:57 [pool-1-thread-10:4080] - [INFO] [WebRequest:61] [parserRequest] Connection: keep-alive
2019-06-29 13:50:57 [pool-1-thread-10:4080] - [INFO] [WebRequest:61] [parserRequest] User-Agent: Mozilla/5.0 (Windows NT 10.0; Win64; x64) AppleWebKit/537.36 (KHTML, like Gecko) Chrome/75.0.3770.100 Safari/537.36
2019-06-29 13:50:57 [pool-1-thread-4:4080] - [INFO] [WebRequest:61] [parserRequest] GET /webRoot/images/file.png HTTP/1.1
2019-06-29 13:50:57 [pool-1-thread-1:4080] - [INFO] [WebRequest:61] [parserRequest] Host: localhost:8090
2019-06-29 13:50:57 [pool-1-thread-4:4080] - [INFO] [WebRequest:61] [parserRequest] Host: localhost:8090
2019-06-29 13:50:57 [pool-1-thread-10:4080] - [INFO] [WebRequest:61] [parserRequest] Accept: image/webp,image/apng,image/*,*/*;q=0.8
2019-06-29 13:50:57 [pool-1-thread-4:4081] - [INFO] [WebRequest:61] [parserRequest] Connection: keep-alive
2019-06-29 13:50:57 [pool-1-thread-1:4080] - [INFO] [WebRequest:61] [parserRequest] Connection: keep-alive
2019-06-29 13:50:57 [pool-1-thread-4:4081] - [INFO] [WebRequest:61] [parserRequest] User-Agent: Mozilla/5.0 (Windows NT 10.0; Win64; x64) AppleWebKit/537.36 (KHTML, like Gecko) Chrome/75.0.3770.100 Safari/537.36
2019-06-29 13:50:57 [pool-1-thread-4:4081] - [INFO] [WebRequest:61] [parserRequest] Accept: image/webp,image/apng,image/*,*/*;q=0.8
2019-06-29 13:50:57 [pool-1-thread-10:4081] - [INFO] [WebRequest:61] [parserRequest] Referer: http://localhost:8090/webRoot/style/tree.css
2019-06-29 13:50:57 [pool-1-thread-4:4081] - [INFO] [WebRequest:61] [parserRequest] Referer: http://localhost:8090/webRoot/style/tree.css
2019-06-29 13:50:57 [pool-1-thread-1:4081] - [INFO] [WebRequest:61] [parserRequest] User-Agent: Mozilla/5.0 (Windows NT 10.0; Win64; x64) AppleWebKit/537.36 (KHTML, like Gecko) Chrome/75.0.3770.100 Safari/537.36
2019-06-29 13:50:57 [pool-1-thread-4:4082] - [INFO] [WebRequest:61] [parserRequest] Accept-Encoding: gzip, deflate, br
2019-06-29 13:50:57 [pool-1-thread-10:4081] - [INFO] [WebRequest:61] [parserRequest] Accept-Encoding: gzip, deflate, br
2019-06-29 13:50:57 [pool-1-thread-4:4082] - [INFO] [WebRequest:61] [parserRequest] Accept-Language: zh-CN,zh;q=0.9
2019-06-29 13:50:57 [pool-1-thread-1:4082] - [INFO] [WebRequest:61] [parserRequest] Accept: image/webp,image/apng,image/*,*/*;q=0.8
2019-06-29 13:50:57 [pool-1-thread-4:4082] - [INFO] [WebRequest:61] [parserRequest] 
2019-06-29 13:50:57 [pool-1-thread-10:4082] - [INFO] [WebRequest:61] [parserRequest] Accept-Language: zh-CN,zh;q=0.9
2019-06-29 13:50:57 [pool-1-thread-4:4083] - [INFO] [WebRequest:81] [parserRequest] 解析结束
2019-06-29 13:50:57 [pool-1-thread-1:4082] - [INFO] [WebRequest:61] [parserRequest] Referer: http://localhost:8090/webRoot/style/tree.css
2019-06-29 13:50:57 [pool-1-thread-1:4083] - [INFO] [WebRequest:61] [parserRequest] Accept-Encoding: gzip, deflate, br
2019-06-29 13:50:57 [pool-1-thread-10:4083] - [INFO] [WebRequest:61] [parserRequest] 
2019-06-29 13:50:57 [pool-1-thread-1:4083] - [INFO] [WebRequest:61] [parserRequest] Accept-Language: zh-CN,zh;q=0.9
2019-06-29 13:50:57 [pool-1-thread-4:4083] - [INFO] [WebThread:60] [run] 关闭连接
2019-06-29 13:50:57 [pool-1-thread-1:4083] - [INFO] [WebRequest:61] [parserRequest] 
2019-06-29 13:50:57 [pool-1-thread-1:4084] - [INFO] [WebRequest:81] [parserRequest] 解析结束
2019-06-29 13:50:57 [pool-1-thread-10:4083] - [INFO] [WebRequest:81] [parserRequest] 解析结束
2019-06-29 13:50:57 [pool-1-thread-1:4084] - [INFO] [WebThread:60] [run] 关闭连接
2019-06-29 13:50:57 [pool-1-thread-10:4084] - [INFO] [WebThread:60] [run] 关闭连接
2019-06-29 13:50:59 [pool-1-thread-6:5180] - [INFO] [WebRequest:61] [parserRequest] GET /project/2 HTTP/1.1
2019-06-29 13:50:59 [pool-1-thread-5:5180] - [INFO] [WebRequest:61] [parserRequest] GET /webRoot/images/dirOpen.png HTTP/1.1
2019-06-29 13:50:59 [pool-1-thread-5:5180] - [INFO] [WebRequest:61] [parserRequest] Host: localhost:8090
2019-06-29 13:50:59 [pool-1-thread-5:5180] - [INFO] [WebRequest:61] [parserRequest] Connection: keep-alive
2019-06-29 13:50:59 [pool-1-thread-6:5180] - [INFO] [WebRequest:61] [parserRequest] Host: localhost:8090
2019-06-29 13:50:59 [pool-1-thread-6:5180] - [INFO] [WebRequest:61] [parserRequest] Connection: keep-alive
2019-06-29 13:50:59 [pool-1-thread-6:5180] - [INFO] [WebRequest:61] [parserRequest] User-Agent: Mozilla/5.0 (Windows NT 10.0; Win64; x64) AppleWebKit/537.36 (KHTML, like Gecko) Chrome/75.0.3770.100 Safari/537.36
2019-06-29 13:50:59 [pool-1-thread-5:5180] - [INFO] [WebRequest:61] [parserRequest] User-Agent: Mozilla/5.0 (Windows NT 10.0; Win64; x64) AppleWebKit/537.36 (KHTML, like Gecko) Chrome/75.0.3770.100 Safari/537.36
2019-06-29 13:50:59 [pool-1-thread-5:5181] - [INFO] [WebRequest:61] [parserRequest] Accept: image/webp,image/apng,image/*,*/*;q=0.8
2019-06-29 13:50:59 [pool-1-thread-5:5181] - [INFO] [WebRequest:61] [parserRequest] Referer: http://localhost:8090/webRoot/style/tree.css
2019-06-29 13:50:59 [pool-1-thread-6:5181] - [INFO] [WebRequest:61] [parserRequest] Accept: */*
2019-06-29 13:50:59 [pool-1-thread-5:5181] - [INFO] [WebRequest:61] [parserRequest] Accept-Encoding: gzip, deflate, br
2019-06-29 13:50:59 [pool-1-thread-5:5181] - [INFO] [WebRequest:61] [parserRequest] Accept-Language: zh-CN,zh;q=0.9
2019-06-29 13:50:59 [pool-1-thread-5:5181] - [INFO] [WebRequest:61] [parserRequest] 
2019-06-29 13:50:59 [pool-1-thread-5:5181] - [INFO] [WebRequest:81] [parserRequest] 解析结束
2019-06-29 13:50:59 [pool-1-thread-5:5182] - [INFO] [WebThread:60] [run] 关闭连接
2019-06-29 13:50:59 [pool-1-thread-6:5184] - [INFO] [WebRequest:61] [parserRequest] Referer: http://localhost:8090/index.html
2019-06-29 13:50:59 [pool-1-thread-6:5184] - [INFO] [WebRequest:61] [parserRequest] Accept-Encoding: gzip, deflate, br
2019-06-29 13:50:59 [pool-1-thread-6:5184] - [INFO] [WebRequest:61] [parserRequest] Accept-Language: zh-CN,zh;q=0.9
2019-06-29 13:50:59 [pool-1-thread-6:5184] - [INFO] [WebRequest:61] [parserRequest] 
2019-06-29 13:50:59 [pool-1-thread-6:5184] - [INFO] [WebRequest:81] [parserRequest] 解析结束
2019-06-29 13:50:59 [pool-1-thread-6:5185] - [INFO] [WebThread:60] [run] 关闭连接
